TN:
SF:src/modules/appointments/services/CreateAppointmentService.ts
FN:44,__decorate
FN:44,__metadata
FN:44,__param
FN:44,__awaiter
FN:44,adopt
FN:44,fulfilled
FN:44,rejected
FN:44,step
FN:44,__generator
FN:44,sent
FN:44,g.<computed>
FN:44,verb
FN:44,step
FN:44,__importDefault
FN:16,CreateAppointmentService
FN:21,CreateAppointmentService.execute
FNF:16
FNH:14
FNDA:1,__decorate
FNDA:1,__metadata
FNDA:1,__param
FNDA:3,__awaiter
FNDA:5,adopt
FNDA:5,fulfilled
FNDA:0,rejected
FNDA:7,step
FNDA:3,__generator
FNDA:5,sent
FNDA:0,g.<computed>
FNDA:9,verb
FNDA:8,step
FNDA:1,__importDefault
FNDA:2,CreateAppointmentService
FNDA:3,CreateAppointmentService.execute
DA:1,1
DA:2,1
DA:3,1
DA:4,1
DA:5,1
DA:6,1
DA:7,1
DA:8,1
DA:9,1
DA:10,1
DA:11,1
DA:12,1
DA:13,1
DA:14,1
DA:15,1
DA:16,1
DA:17,2
DA:18,2
DA:19,2
DA:20,1
DA:21,1
DA:22,3
DA:23,3
DA:24,3
DA:25,3
DA:26,3
DA:27,3
DA:28,3
DA:29,3
DA:30,3
DA:31,3
DA:32,1
DA:33,1
DA:34,2
DA:35,2
DA:36,2
DA:37,2
DA:38,2
DA:39,3
DA:40,3
DA:41,3
DA:42,1
DA:43,1
DA:44,1
LF:44
LH:44
BRDA:44,0,0,1
BRDA:44,1,0,1
BRDA:44,2,0,0
BRDA:44,3,0,0
BRDA:44,4,0,0
BRDA:44,5,0,0
BRDA:44,6,0,1
BRDA:44,7,0,1
BRDA:44,8,0,1
BRDA:44,9,0,3
BRDA:44,10,0,5
BRDA:44,11,0,0
BRDA:44,12,0,3
BRDA:44,13,0,5
BRDA:44,14,0,4
BRDA:44,15,0,1
BRDA:44,16,0,7
BRDA:44,17,0,2
BRDA:44,18,0,5
BRDA:44,19,0,3
BRDA:44,20,0,5
BRDA:44,21,0,0
BRDA:44,22,0,9
BRDA:44,23,0,8
BRDA:44,24,0,8
BRDA:44,25,0,0
BRDA:44,26,0,16
BRDA:44,27,0,0
BRDA:44,28,0,0
BRDA:44,29,0,0
BRDA:44,30,0,0
BRDA:44,31,0,8
BRDA:44,32,0,8
BRDA:44,33,0,5
BRDA:44,34,0,0
BRDA:44,35,0,0
BRDA:44,36,0,3
BRDA:44,37,0,0
BRDA:44,38,0,2
BRDA:44,39,0,0
BRDA:44,40,0,0
BRDA:44,41,0,0
BRDA:44,42,0,0
BRDA:44,43,0,8
BRDA:44,44,0,7
BRDA:44,45,0,1
BRDA:44,46,0,8
BRDA:44,47,0,3
BRDA:44,48,0,1
BRDA:44,49,0,2
BRDA:44,50,0,0
BRDA:44,51,0,1
BRDA:44,52,0,0
BRDA:15,53,0,1
BRDA:16,54,0,2
BRDA:21,55,0,3
BRDA:44,56,0,3
BRDA:44,57,0,8
BRDA:44,58,0,3
BRDA:44,59,0,3
BRDA:31,60,0,1
BRDA:33,61,0,2
BRDA:44,62,0,2
BRF:63
BRH:43
end_of_record
TN:
SF:src/modules/users/services/AuthenticateUserService.ts
FN:52,__decorate
FN:52,__metadata
FN:52,__param
FN:52,__awaiter
FN:52,adopt
FN:52,fulfilled
FN:52,rejected
FN:52,step
FN:52,__generator
FN:52,sent
FN:52,g.<computed>
FN:52,verb
FN:52,step
FN:52,__importDefault
FN:22,AuthenticateUserService
FN:27,AuthenticateUserService.execute
FNF:16
FNH:14
FNDA:1,__decorate
FNDA:1,__metadata
FNDA:2,__param
FNDA:4,__awaiter
FNDA:6,adopt
FNDA:6,fulfilled
FNDA:0,rejected
FNDA:7,step
FNDA:4,__generator
FNDA:6,sent
FNDA:0,g.<computed>
FNDA:12,verb
FNDA:10,step
FNDA:1,__importDefault
FNDA:4,AuthenticateUserService
FNDA:4,AuthenticateUserService.execute
DA:1,1
DA:2,1
DA:3,1
DA:4,1
DA:5,1
DA:6,1
DA:7,1
DA:8,1
DA:9,1
DA:10,1
DA:11,1
DA:12,1
DA:13,1
DA:14,1
DA:15,1
DA:16,1
DA:17,1
DA:18,1
DA:19,1
DA:20,1
DA:21,1
DA:22,1
DA:23,4
DA:24,4
DA:25,4
DA:26,1
DA:27,1
DA:28,4
DA:29,4
DA:30,4
DA:31,2
DA:32,2
DA:33,2
DA:34,2
DA:35,2
DA:36,2
DA:37,2
DA:38,4
DA:39,4
DA:40,1
DA:41,1
DA:42,1
DA:43,1
DA:44,1
DA:45,1
DA:46,1
DA:47,1
DA:48,1
DA:49,4
DA:50,1
DA:51,1
DA:52,1
LF:52
LH:52
BRDA:52,0,0,1
BRDA:52,1,0,1
BRDA:52,2,0,0
BRDA:52,3,0,0
BRDA:52,4,0,0
BRDA:52,5,0,0
BRDA:52,6,0,1
BRDA:52,7,0,2
BRDA:52,8,0,2
BRDA:52,9,0,4
BRDA:52,10,0,6
BRDA:52,11,0,0
BRDA:52,12,0,4
BRDA:52,13,0,6
BRDA:52,14,0,3
BRDA:52,15,0,7
BRDA:52,16,0,1
BRDA:52,17,0,6
BRDA:52,18,0,4
BRDA:52,19,0,6
BRDA:52,20,0,0
BRDA:52,21,0,12
BRDA:52,22,0,10
BRDA:52,23,0,10
BRDA:52,24,0,0
BRDA:52,25,0,20
BRDA:52,26,0,0
BRDA:52,27,0,0
BRDA:52,28,0,0
BRDA:52,29,0,0
BRDA:52,30,0,10
BRDA:52,31,0,10
BRDA:52,32,0,6
BRDA:52,33,0,0
BRDA:52,34,0,0
BRDA:52,35,0,4
BRDA:52,36,0,0
BRDA:52,37,0,1
BRDA:52,38,0,0
BRDA:52,39,0,0
BRDA:52,40,0,0
BRDA:52,41,0,0
BRDA:52,42,0,10
BRDA:52,43,0,7
BRDA:52,44,0,3
BRDA:52,45,0,10
BRDA:52,46,0,4
BRDA:52,47,0,3
BRDA:52,48,0,1
BRDA:52,49,0,0
BRDA:52,50,0,1
BRDA:52,51,0,0
BRDA:21,52,0,1
BRDA:22,53,0,4
BRDA:27,54,0,4
BRDA:52,55,0,4
BRDA:52,56,0,10
BRDA:28,57,0,4
BRDA:52,58,0,4
BRDA:30,59,0,2
BRDA:52,60,0,2
BRDA:39,61,0,1
BRF:62
BRH:42
end_of_record
TN:
SF:src/modules/users/services/CreateUserService.ts
FN:37,__decorate
FN:37,__metadata
FN:37,__param
FN:37,__awaiter
FN:37,adopt
FN:37,fulfilled
FN:37,rejected
FN:37,step
FN:37,__generator
FN:37,sent
FN:37,g.<computed>
FN:37,verb
FN:37,step
FN:37,__importDefault
FN:17,CreateUserService
FN:22,CreateUserService.execute
FNF:16
FNH:14
FNDA:2,__decorate
FNDA:2,__metadata
FNDA:4,__param
FNDA:6,__awaiter
FNDA:16,adopt
FNDA:16,fulfilled
FNDA:0,rejected
FNDA:21,step
FNDA:6,__generator
FNDA:16,sent
FNDA:0,g.<computed>
FNDA:18,verb
FNDA:22,step
FNDA:2,__importDefault
FNDA:5,CreateUserService
FNDA:6,CreateUserService.execute
DA:1,1
DA:2,1
DA:3,1
DA:4,1
DA:5,1
DA:6,1
DA:7,1
DA:8,1
DA:9,1
DA:10,1
DA:11,1
DA:12,1
DA:13,1
DA:14,1
DA:15,1
DA:16,2
DA:17,2
DA:18,5
DA:19,5
DA:20,5
DA:21,2
DA:22,2
DA:23,6
DA:24,6
DA:25,1
DA:26,1
DA:27,5
DA:28,6
DA:29,6
DA:30,6
DA:31,6
DA:32,6
DA:33,6
DA:34,6
DA:35,2
DA:36,1
DA:37,1
LF:37
LH:37
BRDA:37,0,0,2
BRDA:37,1,0,2
BRDA:37,2,0,0
BRDA:37,3,0,0
BRDA:37,4,0,0
BRDA:37,5,0,0
BRDA:37,6,0,2
BRDA:37,7,0,4
BRDA:37,8,0,4
BRDA:37,9,0,6
BRDA:37,10,0,16
BRDA:37,11,0,0
BRDA:37,12,0,6
BRDA:37,13,0,16
BRDA:37,14,0,15
BRDA:37,15,0,1
BRDA:37,16,0,21
BRDA:37,17,0,5
BRDA:37,18,0,16
BRDA:37,19,0,6
BRDA:37,20,0,16
BRDA:37,21,0,0
BRDA:37,22,0,18
BRDA:37,23,0,22
BRDA:37,24,0,22
BRDA:37,25,0,0
BRDA:37,26,0,44
BRDA:37,27,0,0
BRDA:37,28,0,0
BRDA:37,29,0,0
BRDA:37,30,0,0
BRDA:37,31,0,22
BRDA:37,32,0,22
BRDA:37,33,0,16
BRDA:37,34,0,0
BRDA:37,35,0,0
BRDA:37,36,0,6
BRDA:37,37,0,0
BRDA:37,38,0,5
BRDA:37,39,0,0
BRDA:37,40,0,0
BRDA:37,41,0,0
BRDA:37,42,0,0
BRDA:37,43,0,32
BRDA:37,44,0,22
BRDA:37,45,0,21
BRDA:37,46,0,1
BRDA:37,47,0,22
BRDA:37,48,0,6
BRDA:37,49,0,1
BRDA:37,50,0,5
BRDA:37,51,0,0
BRDA:37,52,0,2
BRDA:37,53,0,0
BRDA:16,54,0,2
BRDA:17,55,0,5
BRDA:22,56,0,6
BRDA:37,57,0,6
BRDA:37,58,0,22
BRDA:23,59,0,6
BRDA:37,60,0,6
BRDA:24,61,0,1
BRDA:26,62,0,5
BRDA:37,63,0,5
BRDA:37,64,0,5
BRF:65
BRH:45
end_of_record
TN:
SF:src/modules/users/services/UploadUserAvatarService.ts
FN:41,__decorate
FN:41,__metadata
FN:41,__param
FN:41,__awaiter
FN:41,adopt
FN:41,fulfilled
FN:41,rejected
FN:41,step
FN:41,__generator
FN:41,sent
FN:41,g.<computed>
FN:41,verb
FN:41,step
FN:41,__importDefault
FN:19,UploadUserAvatarService
FN:24,UploadUserAvatarService.execute
FNF:16
FNH:14
FNDA:1,__decorate
FNDA:1,__metadata
FNDA:2,__param
FNDA:4,__awaiter
FNDA:11,adopt
FNDA:11,fulfilled
FNDA:0,rejected
FNDA:14,step
FNDA:4,__generator
FNDA:11,sent
FNDA:0,g.<computed>
FNDA:12,verb
FNDA:15,step
FNDA:1,__importDefault
FNDA:3,UploadUserAvatarService
FNDA:4,UploadUserAvatarService.execute
DA:1,1
DA:2,1
DA:3,1
DA:4,1
DA:5,1
DA:6,1
DA:7,1
DA:8,1
DA:9,1
DA:10,1
DA:11,1
DA:12,1
DA:13,1
DA:14,1
DA:15,1
DA:16,1
DA:17,1
DA:18,1
DA:19,1
DA:20,3
DA:21,3
DA:22,3
DA:23,1
DA:24,1
DA:25,4
DA:26,4
DA:27,1
DA:28,1
DA:29,3
DA:30,1
DA:31,4
DA:32,4
DA:33,4
DA:34,4
DA:35,4
DA:36,4
DA:37,4
DA:38,4
DA:39,1
DA:40,1
DA:41,1
LF:41
LH:41
BRDA:41,0,0,1
BRDA:41,1,0,1
BRDA:41,2,0,0
BRDA:41,3,0,0
BRDA:41,4,0,0
BRDA:41,5,0,0
BRDA:41,6,0,1
BRDA:41,7,0,2
BRDA:41,8,0,2
BRDA:41,9,0,4
BRDA:41,10,0,11
BRDA:41,11,0,0
BRDA:41,12,0,4
BRDA:41,13,0,11
BRDA:41,14,0,10
BRDA:41,15,0,1
BRDA:41,16,0,14
BRDA:41,17,0,3
BRDA:41,18,0,11
BRDA:41,19,0,4
BRDA:41,20,0,11
BRDA:41,21,0,0
BRDA:41,22,0,12
BRDA:41,23,0,15
BRDA:41,24,0,15
BRDA:41,25,0,0
BRDA:41,26,0,32
BRDA:41,27,0,0
BRDA:41,28,0,0
BRDA:41,29,0,0
BRDA:41,30,0,0
BRDA:41,31,0,15
BRDA:41,32,0,15
BRDA:41,33,0,11
BRDA:41,34,0,0
BRDA:41,35,0,0
BRDA:41,36,0,6
BRDA:41,37,0,0
BRDA:41,38,0,5
BRDA:41,39,0,4
BRDA:41,40,0,2
BRDA:41,41,0,0
BRDA:41,42,0,2
BRDA:41,43,0,0
BRDA:41,44,0,0
BRDA:41,45,0,0
BRDA:41,46,0,17
BRDA:41,47,0,16
BRDA:41,48,0,1
BRDA:41,49,0,17
BRDA:41,50,0,4
BRDA:41,51,0,1
BRDA:41,52,0,3
BRDA:41,53,0,0
BRDA:41,54,0,1
BRDA:41,55,0,0
BRDA:18,56,0,1
BRDA:19,57,0,3
BRDA:24,58,0,4
BRDA:41,59,0,4
BRDA:41,60,0,17
BRDA:25,61,0,4
BRDA:41,62,0,4
BRDA:26,63,0,1
BRDA:28,64,0,3
BRDA:29,65,0,2
BRDA:29,66,0,1
BRDA:41,67,0,1
BRDA:41,68,0,3
BRDA:41,69,0,3
BRDA:41,70,0,3
BRF:71
BRH:51
end_of_record
